[19:27:17] [ServerMain/INFO]: Environment: Environment[sessionHost=https://sessionserver.mojang.com, servicesHost=https://api.minecraftservices.com, name=PROD]
[19:27:18] [ServerMain/INFO]: Loaded 1174 recipes
[19:27:18] [ServerMain/INFO]: Loaded 1271 advancements
[19:27:19] [Server thread/INFO]: Starting minecraft server version 1.20.4
[19:27:19] [Server thread/INFO]: Loading properties
[19:27:19] [Server thread/INFO]: This server is running Paper version git-Paper-378 (MC: 1.20.4) (Implementing API version 1.20.4-R0.1-SNAPSHOT) (Git: a58e29d)
[19:27:19] [Server thread/INFO]: Server Ping Player Sample Count: 12
[19:27:19] [Server thread/INFO]: Using 4 threads for Netty based IO
[19:27:19] [Server thread/WARN]: [!] The timings profiler has been enabled but has been scheduled for removal from Paper in the future.
    We recommend installing the spark profiler as a replacement: https://spark.lucko.me/
    For more information please visit: https://github.com/PaperMC/Paper/issues/8948
[19:27:19] [Server thread/INFO]: [ChunkTaskScheduler] Chunk system is using 1 I/O threads, 4 worker threads, and gen parallelism of 4 threads
[19:27:20] [Server thread/INFO]: Default game type: SURVIVAL
[19:27:20] [Server thread/INFO]: Generating keypair
[19:27:20] [Server thread/INFO]: Starting Minecraft server on *:25566
[19:27:20] [Server thread/INFO]: Using epoll channel type
[19:27:20] [Server thread/INFO]: Paper: Using libdeflate (Linux x86_64) compression from Velocity.
[19:27:20] [Server thread/INFO]: Paper: Using OpenSSL 3.0.x (Linux x86_64) cipher from Velocity.
[19:27:20] [Server thread/INFO]: Server permissions file permissions.yml is empty, ignoring it
[19:27:20] [Server thread/WARN]: **** SERVER IS RUNNING IN OFFLINE/INSECURE MODE!
[19:27:20] [Server thread/WARN]: The server will make no attempt to authenticate usernames. Beware.
[19:27:20] [Server thread/WARN]: While this makes the game possible to play without internet access, it also opens up the ability for hackers to connect with any username they choose.
[19:27:20] [Server thread/WARN]: To change this, set "online-mode" to "true" in the server.properties file.
[19:27:20] [Server thread/INFO]: Preparing level "world"
[19:27:20] [Server thread/INFO]: Preparing start region for dimension minecraft:overworld
[19:27:21] [Server thread/INFO]: Time elapsed: 918 ms
[19:27:21] [Server thread/INFO]: Running delayed init tasks
[19:27:21] [Server thread/INFO]: Done (2.159s)! For help, type "help"
[19:27:21] [Server thread/INFO]: Timings Reset
[19:27:37] [User Authenticator #0/INFO]: UUID of player Phantomas is a93b926c-2e11-34d8-9160-ef07d0d75f90
[19:27:37] [Server thread/INFO]: Phantomas joined the game
[19:27:37] [Server thread/INFO]: Phantomas[/127.0.0.1:45724] logged in with entity id 175 at ([world]-150.1562034804058, 78.0, -86.93510035065728)
[19:27:44] [Server thread/INFO]: Phantomas lost connection: Disconnected
[19:27:44] [Server thread/INFO]: Phantomas left the game
[19:28:45] [User Authenticator #1/INFO]: UUID of player Phantomas is a93b926c-2e11-34d8-9160-ef07d0d75f90
[19:28:45] [Server thread/INFO]: Phantomas joined the game
[19:28:45] [Server thread/INFO]: Phantomas[/127.0.0.1:48844] logged in with entity id 230 at ([world]-149.90277439375535, 77.0, -83.80109512040265)
[19:29:06] [Server thread/INFO]: Phantomas issued server command: /bukkit:?
[19:29:10] [Server thread/INFO]: Phantomas issued server command: /bukkit help
[19:29:16] [Server thread/INFO]: Phantomas issued server command: /help
[19:29:20] [Server thread/INFO]: Phantomas issued server command: /help 2
[19:29:25] [Server thread/INFO]: Phantomas issued server command: /plugins
[19:29:33] [Server thread/INFO]: Phantomas lost connection: Disconnected
[19:29:33] [Server thread/INFO]: Phantomas left the game
[19:30:37] [Server thread/INFO]: Stopping the server
[19:30:37] [Server thread/INFO]: Stopping server
[19:30:37] [Server thread/INFO]: Saving players
[19:30:37] [Server thread/INFO]: Saving worlds
[19:30:37] [Server thread/INFO]: Saving chunks for level 'ServerLevel[world]'/minecraft:overworld
[19:30:37] [Server thread/INFO]: [ChunkHolderManager] Waiting 60s for chunk system to halt for world 'world'
[19:30:37] [Server thread/INFO]: [ChunkHolderManager] Halted chunk system for world 'world'
[19:30:37] [Server thread/INFO]: [ChunkHolderManager] Saving all chunkholders for world 'world'
[19:30:38] [Server thread/INFO]: [ChunkHolderManager] Saved 993 block chunks, 813 entity chunks, 0 poi chunks in world 'world' in 0.82s
[19:30:38] [Server thread/INFO]: ThreadedAnvilChunkStorage (world): All chunks are saved
[19:30:38] [Server thread/INFO]: ThreadedAnvilChunkStorage: All dimensions are saved
[19:30:38] [Server thread/INFO]: Flushing Chunk IO
[19:30:38] [Server thread/INFO]: Closing Thread Pool
[19:30:38] [Server thread/INFO]: Closing Server
