[01-06 19:40:58]: [INFO] Created column 'regdate' and set the current timestamp, 1704559258679, to all 0 rows
[01-06 19:40:58]: [INFO] SQLite Setup finished
[01-06 19:40:58]: [INFO] Hooked into LuckPerms!
[01-06 19:40:58]: [INFO] Hooked successfully into Essentials
[01-06 19:40:58]: [INFO] Essentials spawn file not found: '/home/artem/IdeaProjects/MinecraftServer/MainServer/plugins/Essentials/spawn.yml'
[01-06 19:40:59]: [WARN] WARNING! The protectInventory feature requires ProtocolLib! Disabling it...
[01-06 19:40:59]: [INFO] AuthMe 5.6.0-beta2 build n.2453 successfully enabled!
[01-06 19:40:59]: [INFO] Downloading GEO IP database, because the old database is older than 30 days or doesn't exist
[01-06 19:40:59]: [WARN] No MaxMind credentials found in the configuration file! GeoIp protections will be disabled.
[01-06 19:40:59]: [INFO] There is no newer GEO IP database uploaded to MaxMind. Using the old one for now.
[01-06 19:40:59]: [WARN] Could not download GeoLiteAPI database [FileNotFoundException]: plugins/AuthMe/GeoLite2-Country.mmdb (No such file or directory)
[01-06 19:40:59]: java.io.FileNotFoundException: plugins/AuthMe/GeoLite2-Country.mmdb (No such file or directory)
	at java.base/java.io.RandomAccessFile.open0(Native Method)
	at java.base/java.io.RandomAccessFile.open(RandomAccessFile.java:356)
	at java.base/java.io.RandomAccessFile.<init>(RandomAccessFile.java:273)
	at java.base/java.io.RandomAccessFile.<init>(RandomAccessFile.java:223)
	at AuthMe-5.6.0-beta2.jar//fr.xephi.authme.libs.com.maxmind.db.BufferHolder.<init>(BufferHolder.java:20)
	at AuthMe-5.6.0-beta2.jar//fr.xephi.authme.libs.com.maxmind.db.Reader.<init>(Reader.java:121)
	at AuthMe-5.6.0-beta2.jar//fr.xephi.authme.service.GeoIpService.startReading(GeoIpService.java:173)
	at AuthMe-5.6.0-beta2.jar//fr.xephi.authme.service.GeoIpService.updateDatabase(GeoIpService.java:144)
	at org.bukkit.craftbukkit.v1_20_R3.scheduler.CraftTask.run(CraftTask.java:101)
	at org.bukkit.craftbukkit.v1_20_R3.scheduler.CraftAsyncTask.run(CraftAsyncTask.java:57)
	at com.destroystokyo.paper.ServerSchedulerReportingWrapper.run(ServerSchedulerReportingWrapper.java:22)
	at java.base/java.util.concurrent.ThreadPoolExecutor.runWorker(ThreadPoolExecutor.java:1144)
	at java.base/java.util.concurrent.ThreadPoolExecutor$Worker.run(ThreadPoolExecutor.java:642)
	at java.base/java.lang.Thread.run(Thread.java:1583)

[01-06 19:44:38]: [FINE] Phantomas registered 127.0.0.1
[01-06 19:44:38]: [FINE] Phantomas logged in 127.0.0.1
[01-06 19:45:02]: [WARN] Mail API is not set
[01-06 19:49:03]: [INFO] AuthMe 5.6.0-beta2-b2453 disabled!
